<?xml version="1.0" encoding="UTF-8"?>
<!-- Generated by org.testng.reporters.JUnitReportReporter -->
<testsuite hostname="DESKTOP-KFN922T" failures="0" tests="1" name="TestNGRev.GoogleParameters" time="9.945" errors="0" timestamp="2024-01-30T09:20:34 IST" skipped="0">
  <testcase classname="TestNGRev.GoogleParameters" name="GoogleParam" time="9.945"/>
  <system-out/>
</testsuite> <!-- TestNGRev.GoogleParameters -->
