<?xml version="1.0" encoding="UTF-8"?>
<!-- Generated by org.testng.reporters.JUnitReportReporter -->
<testsuite hostname="DESKTOP-KFN922T" failures="0" tests="2" name="TestNGRev.TestNGDemo1" time="0.019" errors="0" timestamp="2024-01-26T09:41:07 IST" skipped="0">
  <testcase classname="TestNGRev.TestNGDemo1" name="test1" time="0.016"/>
  <system-out/>
  <testcase classname="TestNGRev.TestNGDemo1" name="test12" time="0.003"/>
  <system-out/>
</testsuite> <!-- TestNGRev.TestNGDemo1 -->
