<?xml version="1.0" encoding="UTF-8"?>
<!-- Generated by org.testng.reporters.JUnitReportReporter -->
<testsuite hostname="DESKTOP-KFN922T" failures="0" tests="1" name="TestNGRev3.TestNGDemo" time="0.028" errors="0" timestamp="2024-01-30T18:18:06 IST" skipped="0">
  <testcase classname="TestNGRev3.TestNGDemo" name="demo" time="0.028"/>
  <system-out/>
</testsuite> <!-- TestNGRev3.TestNGDemo -->
