<?xml version="1.0" encoding="UTF-8"?>
<!-- Generated by org.testng.reporters.JUnitReportReporter -->
<testsuite hostname="DESKTOP-KFN922T" failures="0" tests="2" name="TestNGRev.LoanDepartment" time="0.017" errors="0" timestamp="2024-01-26T10:32:11 IST" skipped="0">
  <testcase classname="TestNGRev.LoanDepartment" name="MobileLoginAutomobileLoan" time="0.016"/>
  <system-out/>
  <testcase classname="TestNGRev.LoanDepartment" name="MobileLoginPersonalloan" time="0.001"/>
  <system-out/>
</testsuite> <!-- TestNGRev.LoanDepartment -->
