<?xml version="1.0" encoding="UTF-8"?>
<!-- Generated by org.testng.reporters.JUnitReportReporter -->
<testsuite hostname="DESKTOP-KFN922T" failures="0" tests="3" name="AnnotationsDemo.AnnotationAttributes" time="0.453" errors="0" timestamp="2024-01-27T08:47:45 IST" skipped="1">
  <testcase classname="AnnotationsDemo.AnnotationAttributes" name="testCase3" time="0.013"/>
  <system-out/>
  <testcase classname="AnnotationsDemo.AnnotationAttributes" name="testCase2" time="0.440"/>
  <system-out/>
  <testcase classname="AnnotationsDemo.AnnotationAttributes" name="testCase1">
    <skipped/>
  </testcase> <!-- testCase1 -->
  <system-out/>
</testsuite> <!-- AnnotationsDemo.AnnotationAttributes -->
