<?xml version="1.0" encoding="UTF-8"?>
<!-- Generated by org.testng.reporters.JUnitReportReporter -->
<testsuite hostname="DESKTOP-KFN922T" failures="0" tests="3" name="InvocationCount.InvocationCountDemo" time="0.035" errors="0" timestamp="2024-01-30T09:45:42 IST" skipped="0">
  <testcase classname="InvocationCount.InvocationCountDemo" name="test1" time="0.025"/>
  <system-out/>
  <testcase classname="InvocationCount.InvocationCountDemo" name="test2" time="0.007"/>
  <system-out/>
  <testcase classname="InvocationCount.InvocationCountDemo" name="test1" time="0.003"/>
  <system-out/>
</testsuite> <!-- InvocationCount.InvocationCountDemo -->
