<?xml version="1.0" encoding="UTF-8"?>
<!-- Generated by org.testng.reporters.JUnitReportReporter -->
<testsuite hostname="DESKTOP-KFN922T" failures="0" tests="2" name="ParametersDemo.Assignment2" time="22.774" errors="0" timestamp="2024-01-28T08:51:16 IST" skipped="0">
  <testcase classname="ParametersDemo.Assignment2" name="testcase1" time="11.732"/>
  <system-out/>
  <testcase classname="ParametersDemo.Assignment2" name="testcase1" time="11.042"/>
  <system-out/>
</testsuite> <!-- ParametersDemo.Assignment2 -->
