<?xml version="1.0" encoding="UTF-8"?>
<!-- Generated by org.testng.reporters.JUnitReportReporter -->
<testsuite hostname="DESKTOP-KFN922T" failures="0" tests="2" name="AnnotationsDemo.TestCase1" time="0.008" errors="0" timestamp="2024-01-27T08:11:05 IST" skipped="0">
  <testcase classname="AnnotationsDemo.TestCase1" name="test02" time="0.005"/>
  <system-out/>
  <testcase classname="AnnotationsDemo.TestCase1" name="test01" time="0.003"/>
  <system-out/>
</testsuite> <!-- AnnotationsDemo.TestCase1 -->
