<?xml version="1.0" encoding="UTF-8"?>
<!-- Generated by org.testng.reporters.JUnitReportReporter -->
<testsuite hostname="DESKTOP-KFN922T" failures="0" tests="2" name="ParametersDemo.AssignmentParam" time="19.968" errors="0" timestamp="2024-01-28T08:24:41 IST" skipped="0">
  <testcase classname="ParametersDemo.AssignmentParam" name="testcase1" time="7.594"/>
  <system-out/>
  <testcase classname="ParametersDemo.AssignmentParam" name="testcase1" time="12.374"/>
  <system-out/>
</testsuite> <!-- ParametersDemo.AssignmentParam -->
