<?xml version="1.0" encoding="UTF-8"?>
<!-- Generated by org.testng.reporters.JUnitReportReporter -->
<testsuite hostname="DESKTOP-KFN922T" failures="0" tests="2" name="AnnotationsDemo.GroupAttribute" time="0.023" errors="0" timestamp="2024-01-27T08:56:46 IST" skipped="0">
  <testcase classname="AnnotationsDemo.GroupAttribute" name="wipro" time="0.003"/>
  <system-out/>
  <testcase classname="AnnotationsDemo.GroupAttribute" name="infosys" time="0.020"/>
  <system-out/>
</testsuite> <!-- AnnotationsDemo.GroupAttribute -->
