<?xml version="1.0" encoding="UTF-8"?>
<!-- Generated by org.testng.reporters.JUnitReportReporter -->
<testsuite hostname="DESKTOP-KFN922T" failures="0" tests="2" name="AnnotationsDemo.TestCase2" time="0.019" errors="0" timestamp="2024-01-27T08:11:05 IST" skipped="0">
  <testcase classname="AnnotationsDemo.TestCase2" name="test4" time="0.004"/>
  <system-out/>
  <testcase classname="AnnotationsDemo.TestCase2" name="test3" time="0.015"/>
  <system-out/>
</testsuite> <!-- AnnotationsDemo.TestCase2 -->
