<?xml version="1.0" encoding="UTF-8"?>
<!-- Generated by org.testng.reporters.JUnitReportReporter -->
<testsuite hostname="DESKTOP-KFN922T" failures="0" tests="1" name="ParametersDemo.SoftwareCompanyName" time="0.004" errors="0" timestamp="2024-01-28T08:07:39 IST" skipped="0">
  <testcase classname="ParametersDemo.SoftwareCompanyName" name="testCase1" time="0.004"/>
  <system-out/>
</testsuite> <!-- ParametersDemo.SoftwareCompanyName -->
