<?xml version="1.0" encoding="UTF-8"?>
<!-- Generated by org.testng.reporters.JUnitReportReporter -->
<testsuite hostname="DESKTOP-KFN922T" failures="0" tests="3" name="ParametersDemo.TestNGParameterDemo" time="0.025" errors="0" timestamp="2024-01-28T07:53:41 IST" skipped="0">
  <testcase classname="ParametersDemo.TestNGParameterDemo" name="add" time="0.021"/>
  <system-out/>
  <testcase classname="ParametersDemo.TestNGParameterDemo" name="sub" time="0.002"/>
  <system-out/>
  <testcase classname="ParametersDemo.TestNGParameterDemo" name="mul" time="0.002"/>
  <system-out/>
</testsuite> <!-- ParametersDemo.TestNGParameterDemo -->
